Determining if the pthread_create exist failed with the following output:
Change Dir: /root/CS4501-Labs/lab5_ws/build/flightgoggles_uav_dynamics/CMakeFiles/CMakeTmp

Run Build Command:"/usr/bin/make" "cmTC_01f12/fast"
/usr/bin/make -f CMakeFiles/cmTC_01f12.dir/build.make CMakeFiles/cmTC_01f12.dir/build
make[1]: Entering directory '/root/CS4501-Labs/lab5_ws/build/flightgoggles_uav_dynamics/CMakeFiles/CMakeTmp'
Building C object CMakeFiles/cmTC_01f12.dir/CheckSymbolExists.c.o
/usr/bin/cc    -o CMakeFiles/cmTC_01f12.dir/CheckSymbolExists.c.o   -c /root/CS4501-Labs/lab5_ws/build/flightgoggles_uav_dynamics/CMakeFiles/CMakeTmp/CheckSymbolExists.c
Linking C executable cmTC_01f12
/usr/bin/cmake -E cmake_link_script CMakeFiles/cmTC_01f12.dir/link.txt --verbose=1
/usr/bin/cc      -rdynamic CMakeFiles/cmTC_01f12.dir/CheckSymbolExists.c.o  -o cmTC_01f12 
CMakeFiles/cmTC_01f12.dir/CheckSymbolExists.c.o: In function `main':
CheckSymbolExists.c:(.text+0x1b): undefined reference to `pthread_create'
collect2: error: ld returned 1 exit status
CMakeFiles/cmTC_01f12.dir/build.make:97: recipe for target 'cmTC_01f12' failed
make[1]: *** [cmTC_01f12] Error 1
make[1]: Leaving directory '/root/CS4501-Labs/lab5_ws/build/flightgoggles_uav_dynamics/CMakeFiles/CMakeTmp'
Makefile:126: recipe for target 'cmTC_01f12/fast' failed
make: *** [cmTC_01f12/fast] Error 2

File /root/CS4501-Labs/lab5_ws/build/flightgoggles_uav_dynamics/CMakeFiles/CMakeTmp/CheckSymbolExists.c:
/* */
#include <pthread.h>

int main(int argc, char** argv)
{
  (void)argv;
#ifndef pthread_create
  return ((int*)(&pthread_create))[argc];
#else
  (void)argc;
  return 0;
#endif
}

Determining if the function pthread_create exists in the pthreads failed with the following output:
Change Dir: /root/CS4501-Labs/lab5_ws/build/flightgoggles_uav_dynamics/CMakeFiles/CMakeTmp

Run Build Command:"/usr/bin/make" "cmTC_5e709/fast"
/usr/bin/make -f CMakeFiles/cmTC_5e709.dir/build.make CMakeFiles/cmTC_5e709.dir/build
make[1]: Entering directory '/root/CS4501-Labs/lab5_ws/build/flightgoggles_uav_dynamics/CMakeFiles/CMakeTmp'
Building C object CMakeFiles/cmTC_5e709.dir/CheckFunctionExists.c.o
/usr/bin/cc   -DCHECK_FUNCTION_EXISTS=pthread_create   -o CMakeFiles/cmTC_5e709.dir/CheckFunctionExists.c.o   -c /usr/share/cmake-3.10/Modules/CheckFunctionExists.c
Linking C executable cmTC_5e709
/usr/bin/cmake -E cmake_link_script CMakeFiles/cmTC_5e709.dir/link.txt --verbose=1
/usr/bin/cc  -DCHECK_FUNCTION_EXISTS=pthread_create    -rdynamic CMakeFiles/cmTC_5e709.dir/CheckFunctionExists.c.o  -o cmTC_5e709 -lpthreads 
/usr/bin/ld: cannot find -lpthreads
collect2: error: ld returned 1 exit status
CMakeFiles/cmTC_5e709.dir/build.make:97: recipe for target 'cmTC_5e709' failed
make[1]: *** [cmTC_5e709] Error 1
make[1]: Leaving directory '/root/CS4501-Labs/lab5_ws/build/flightgoggles_uav_dynamics/CMakeFiles/CMakeTmp'
Makefile:126: recipe for target 'cmTC_5e709/fast' failed
make: *** [cmTC_5e709/fast] Error 2


