Determining if the pthread_create exist failed with the following output:
Change Dir: /root/CS4501-Labs/lab5_ws/build/sensor_simulation/CMakeFiles/CMakeTmp

Run Build Command:"/usr/bin/make" "cmTC_0bc6f/fast"
/usr/bin/make -f CMakeFiles/cmTC_0bc6f.dir/build.make CMakeFiles/cmTC_0bc6f.dir/build
make[1]: Entering directory '/root/CS4501-Labs/lab5_ws/build/sensor_simulation/CMakeFiles/CMakeTmp'
Building C object CMakeFiles/cmTC_0bc6f.dir/CheckSymbolExists.c.o
/usr/bin/cc    -o CMakeFiles/cmTC_0bc6f.dir/CheckSymbolExists.c.o   -c /root/CS4501-Labs/lab5_ws/build/sensor_simulation/CMakeFiles/CMakeTmp/CheckSymbolExists.c
Linking C executable cmTC_0bc6f
/usr/bin/cmake -E cmake_link_script CMakeFiles/cmTC_0bc6f.dir/link.txt --verbose=1
/usr/bin/cc      -rdynamic CMakeFiles/cmTC_0bc6f.dir/CheckSymbolExists.c.o  -o cmTC_0bc6f 
CMakeFiles/cmTC_0bc6f.dir/CheckSymbolExists.c.o: In function `main':
CheckSymbolExists.c:(.text+0x1b): undefined reference to `pthread_create'
collect2: error: ld returned 1 exit status
CMakeFiles/cmTC_0bc6f.dir/build.make:97: recipe for target 'cmTC_0bc6f' failed
make[1]: *** [cmTC_0bc6f] Error 1
make[1]: Leaving directory '/root/CS4501-Labs/lab5_ws/build/sensor_simulation/CMakeFiles/CMakeTmp'
Makefile:126: recipe for target 'cmTC_0bc6f/fast' failed
make: *** [cmTC_0bc6f/fast] Error 2

File /root/CS4501-Labs/lab5_ws/build/sensor_simulation/CMakeFiles/CMakeTmp/CheckSymbolExists.c:
/* */
#include <pthread.h>

int main(int argc, char** argv)
{
  (void)argv;
#ifndef pthread_create
  return ((int*)(&pthread_create))[argc];
#else
  (void)argc;
  return 0;
#endif
}

Determining if the function pthread_create exists in the pthreads failed with the following output:
Change Dir: /root/CS4501-Labs/lab5_ws/build/sensor_simulation/CMakeFiles/CMakeTmp

Run Build Command:"/usr/bin/make" "cmTC_202f4/fast"
/usr/bin/make -f CMakeFiles/cmTC_202f4.dir/build.make CMakeFiles/cmTC_202f4.dir/build
make[1]: Entering directory '/root/CS4501-Labs/lab5_ws/build/sensor_simulation/CMakeFiles/CMakeTmp'
Building C object CMakeFiles/cmTC_202f4.dir/CheckFunctionExists.c.o
/usr/bin/cc   -DCHECK_FUNCTION_EXISTS=pthread_create   -o CMakeFiles/cmTC_202f4.dir/CheckFunctionExists.c.o   -c /usr/share/cmake-3.10/Modules/CheckFunctionExists.c
Linking C executable cmTC_202f4
/usr/bin/cmake -E cmake_link_script CMakeFiles/cmTC_202f4.dir/link.txt --verbose=1
/usr/bin/cc  -DCHECK_FUNCTION_EXISTS=pthread_create    -rdynamic CMakeFiles/cmTC_202f4.dir/CheckFunctionExists.c.o  -o cmTC_202f4 -lpthreads 
/usr/bin/ld: cannot find -lpthreads
collect2: error: ld returned 1 exit status
CMakeFiles/cmTC_202f4.dir/build.make:97: recipe for target 'cmTC_202f4' failed
make[1]: *** [cmTC_202f4] Error 1
make[1]: Leaving directory '/root/CS4501-Labs/lab5_ws/build/sensor_simulation/CMakeFiles/CMakeTmp'
Makefile:126: recipe for target 'cmTC_202f4/fast' failed
make: *** [cmTC_202f4/fast] Error 2


