Determining if the pthread_create exist failed with the following output:
Change Dir: /root/CS4501-Labs/lab2_ws/lab2_p2_ws/build/flightgoggles/CMakeFiles/CMakeTmp

Run Build Command:"/usr/bin/make" "cmTC_43a71/fast"
/usr/bin/make -f CMakeFiles/cmTC_43a71.dir/build.make CMakeFiles/cmTC_43a71.dir/build
make[1]: Entering directory '/root/CS4501-Labs/lab2_ws/lab2_p2_ws/build/flightgoggles/CMakeFiles/CMakeTmp'
Building C object CMakeFiles/cmTC_43a71.dir/CheckSymbolExists.c.o
/usr/bin/cc    -o CMakeFiles/cmTC_43a71.dir/CheckSymbolExists.c.o   -c /root/CS4501-Labs/lab2_ws/lab2_p2_ws/build/flightgoggles/CMakeFiles/CMakeTmp/CheckSymbolExists.c
Linking C executable cmTC_43a71
/usr/bin/cmake -E cmake_link_script CMakeFiles/cmTC_43a71.dir/link.txt --verbose=1
/usr/bin/cc      -rdynamic CMakeFiles/cmTC_43a71.dir/CheckSymbolExists.c.o  -o cmTC_43a71 
CMakeFiles/cmTC_43a71.dir/CheckSymbolExists.c.o: In function `main':
CheckSymbolExists.c:(.text+0x1b): undefined reference to `pthread_create'
collect2: error: ld returned 1 exit status
CMakeFiles/cmTC_43a71.dir/build.make:97: recipe for target 'cmTC_43a71' failed
make[1]: *** [cmTC_43a71] Error 1
make[1]: Leaving directory '/root/CS4501-Labs/lab2_ws/lab2_p2_ws/build/flightgoggles/CMakeFiles/CMakeTmp'
Makefile:126: recipe for target 'cmTC_43a71/fast' failed
make: *** [cmTC_43a71/fast] Error 2

File /root/CS4501-Labs/lab2_ws/lab2_p2_ws/build/flightgoggles/CMakeFiles/CMakeTmp/CheckSymbolExists.c:
/* */
#include <pthread.h>

int main(int argc, char** argv)
{
  (void)argv;
#ifndef pthread_create
  return ((int*)(&pthread_create))[argc];
#else
  (void)argc;
  return 0;
#endif
}

Determining if the function pthread_create exists in the pthreads failed with the following output:
Change Dir: /root/CS4501-Labs/lab2_ws/lab2_p2_ws/build/flightgoggles/CMakeFiles/CMakeTmp

Run Build Command:"/usr/bin/make" "cmTC_f8c91/fast"
/usr/bin/make -f CMakeFiles/cmTC_f8c91.dir/build.make CMakeFiles/cmTC_f8c91.dir/build
make[1]: Entering directory '/root/CS4501-Labs/lab2_ws/lab2_p2_ws/build/flightgoggles/CMakeFiles/CMakeTmp'
Building C object CMakeFiles/cmTC_f8c91.dir/CheckFunctionExists.c.o
/usr/bin/cc   -DCHECK_FUNCTION_EXISTS=pthread_create   -o CMakeFiles/cmTC_f8c91.dir/CheckFunctionExists.c.o   -c /usr/share/cmake-3.10/Modules/CheckFunctionExists.c
Linking C executable cmTC_f8c91
/usr/bin/cmake -E cmake_link_script CMakeFiles/cmTC_f8c91.dir/link.txt --verbose=1
/usr/bin/cc  -DCHECK_FUNCTION_EXISTS=pthread_create    -rdynamic CMakeFiles/cmTC_f8c91.dir/CheckFunctionExists.c.o  -o cmTC_f8c91 -lpthreads 
/usr/bin/ld: cannot find -lpthreads
collect2: error: ld returned 1 exit status
CMakeFiles/cmTC_f8c91.dir/build.make:97: recipe for target 'cmTC_f8c91' failed
make[1]: *** [cmTC_f8c91] Error 1
make[1]: Leaving directory '/root/CS4501-Labs/lab2_ws/lab2_p2_ws/build/flightgoggles/CMakeFiles/CMakeTmp'
Makefile:126: recipe for target 'cmTC_f8c91/fast' failed
make: *** [cmTC_f8c91/fast] Error 2


