Determining if the pthread_create exist failed with the following output:
Change Dir: /root/CS4501-Labs/lab4_ws/build/simple_control/CMakeFiles/CMakeTmp

Run Build Command:"/usr/bin/make" "cmTC_d04bd/fast"
/usr/bin/make -f CMakeFiles/cmTC_d04bd.dir/build.make CMakeFiles/cmTC_d04bd.dir/build
make[1]: Entering directory '/root/CS4501-Labs/lab4_ws/build/simple_control/CMakeFiles/CMakeTmp'
Building C object CMakeFiles/cmTC_d04bd.dir/CheckSymbolExists.c.o
/usr/bin/cc    -o CMakeFiles/cmTC_d04bd.dir/CheckSymbolExists.c.o   -c /root/CS4501-Labs/lab4_ws/build/simple_control/CMakeFiles/CMakeTmp/CheckSymbolExists.c
Linking C executable cmTC_d04bd
/usr/bin/cmake -E cmake_link_script CMakeFiles/cmTC_d04bd.dir/link.txt --verbose=1
/usr/bin/cc      -rdynamic CMakeFiles/cmTC_d04bd.dir/CheckSymbolExists.c.o  -o cmTC_d04bd 
CMakeFiles/cmTC_d04bd.dir/CheckSymbolExists.c.o: In function `main':
CheckSymbolExists.c:(.text+0x1b): undefined reference to `pthread_create'
collect2: error: ld returned 1 exit status
CMakeFiles/cmTC_d04bd.dir/build.make:97: recipe for target 'cmTC_d04bd' failed
make[1]: *** [cmTC_d04bd] Error 1
make[1]: Leaving directory '/root/CS4501-Labs/lab4_ws/build/simple_control/CMakeFiles/CMakeTmp'
Makefile:126: recipe for target 'cmTC_d04bd/fast' failed
make: *** [cmTC_d04bd/fast] Error 2

File /root/CS4501-Labs/lab4_ws/build/simple_control/CMakeFiles/CMakeTmp/CheckSymbolExists.c:
/* */
#include <pthread.h>

int main(int argc, char** argv)
{
  (void)argv;
#ifndef pthread_create
  return ((int*)(&pthread_create))[argc];
#else
  (void)argc;
  return 0;
#endif
}

Determining if the function pthread_create exists in the pthreads failed with the following output:
Change Dir: /root/CS4501-Labs/lab4_ws/build/simple_control/CMakeFiles/CMakeTmp

Run Build Command:"/usr/bin/make" "cmTC_cd50a/fast"
/usr/bin/make -f CMakeFiles/cmTC_cd50a.dir/build.make CMakeFiles/cmTC_cd50a.dir/build
make[1]: Entering directory '/root/CS4501-Labs/lab4_ws/build/simple_control/CMakeFiles/CMakeTmp'
Building C object CMakeFiles/cmTC_cd50a.dir/CheckFunctionExists.c.o
/usr/bin/cc   -DCHECK_FUNCTION_EXISTS=pthread_create   -o CMakeFiles/cmTC_cd50a.dir/CheckFunctionExists.c.o   -c /usr/share/cmake-3.10/Modules/CheckFunctionExists.c
Linking C executable cmTC_cd50a
/usr/bin/cmake -E cmake_link_script CMakeFiles/cmTC_cd50a.dir/link.txt --verbose=1
/usr/bin/cc  -DCHECK_FUNCTION_EXISTS=pthread_create    -rdynamic CMakeFiles/cmTC_cd50a.dir/CheckFunctionExists.c.o  -o cmTC_cd50a -lpthreads 
/usr/bin/ld: cannot find -lpthreads
collect2: error: ld returned 1 exit status
CMakeFiles/cmTC_cd50a.dir/build.make:97: recipe for target 'cmTC_cd50a' failed
make[1]: *** [cmTC_cd50a] Error 1
make[1]: Leaving directory '/root/CS4501-Labs/lab4_ws/build/simple_control/CMakeFiles/CMakeTmp'
Makefile:126: recipe for target 'cmTC_cd50a/fast' failed
make: *** [cmTC_cd50a/fast] Error 2


