Determining if the pthread_create exist failed with the following output:
Change Dir: /root/CS4501-Labs/lab2_ws/lab2_p2_ws/build/visualizer/CMakeFiles/CMakeTmp

Run Build Command:"/usr/bin/make" "cmTC_0f97d/fast"
/usr/bin/make -f CMakeFiles/cmTC_0f97d.dir/build.make CMakeFiles/cmTC_0f97d.dir/build
make[1]: Entering directory '/root/CS4501-Labs/lab2_ws/lab2_p2_ws/build/visualizer/CMakeFiles/CMakeTmp'
Building C object CMakeFiles/cmTC_0f97d.dir/CheckSymbolExists.c.o
/usr/bin/cc    -o CMakeFiles/cmTC_0f97d.dir/CheckSymbolExists.c.o   -c /root/CS4501-Labs/lab2_ws/lab2_p2_ws/build/visualizer/CMakeFiles/CMakeTmp/CheckSymbolExists.c
Linking C executable cmTC_0f97d
/usr/bin/cmake -E cmake_link_script CMakeFiles/cmTC_0f97d.dir/link.txt --verbose=1
/usr/bin/cc      -rdynamic CMakeFiles/cmTC_0f97d.dir/CheckSymbolExists.c.o  -o cmTC_0f97d 
CMakeFiles/cmTC_0f97d.dir/CheckSymbolExists.c.o: In function `main':
CheckSymbolExists.c:(.text+0x1b): undefined reference to `pthread_create'
collect2: error: ld returned 1 exit status
CMakeFiles/cmTC_0f97d.dir/build.make:97: recipe for target 'cmTC_0f97d' failed
make[1]: *** [cmTC_0f97d] Error 1
make[1]: Leaving directory '/root/CS4501-Labs/lab2_ws/lab2_p2_ws/build/visualizer/CMakeFiles/CMakeTmp'
Makefile:126: recipe for target 'cmTC_0f97d/fast' failed
make: *** [cmTC_0f97d/fast] Error 2

File /root/CS4501-Labs/lab2_ws/lab2_p2_ws/build/visualizer/CMakeFiles/CMakeTmp/CheckSymbolExists.c:
/* */
#include <pthread.h>

int main(int argc, char** argv)
{
  (void)argv;
#ifndef pthread_create
  return ((int*)(&pthread_create))[argc];
#else
  (void)argc;
  return 0;
#endif
}

Determining if the function pthread_create exists in the pthreads failed with the following output:
Change Dir: /root/CS4501-Labs/lab2_ws/lab2_p2_ws/build/visualizer/CMakeFiles/CMakeTmp

Run Build Command:"/usr/bin/make" "cmTC_b97cc/fast"
/usr/bin/make -f CMakeFiles/cmTC_b97cc.dir/build.make CMakeFiles/cmTC_b97cc.dir/build
make[1]: Entering directory '/root/CS4501-Labs/lab2_ws/lab2_p2_ws/build/visualizer/CMakeFiles/CMakeTmp'
Building C object CMakeFiles/cmTC_b97cc.dir/CheckFunctionExists.c.o
/usr/bin/cc   -DCHECK_FUNCTION_EXISTS=pthread_create   -o CMakeFiles/cmTC_b97cc.dir/CheckFunctionExists.c.o   -c /usr/share/cmake-3.10/Modules/CheckFunctionExists.c
Linking C executable cmTC_b97cc
/usr/bin/cmake -E cmake_link_script CMakeFiles/cmTC_b97cc.dir/link.txt --verbose=1
/usr/bin/cc  -DCHECK_FUNCTION_EXISTS=pthread_create    -rdynamic CMakeFiles/cmTC_b97cc.dir/CheckFunctionExists.c.o  -o cmTC_b97cc -lpthreads 
/usr/bin/ld: cannot find -lpthreads
collect2: error: ld returned 1 exit status
CMakeFiles/cmTC_b97cc.dir/build.make:97: recipe for target 'cmTC_b97cc' failed
make[1]: *** [cmTC_b97cc] Error 1
make[1]: Leaving directory '/root/CS4501-Labs/lab2_ws/lab2_p2_ws/build/visualizer/CMakeFiles/CMakeTmp'
Makefile:126: recipe for target 'cmTC_b97cc/fast' failed
make: *** [cmTC_b97cc/fast] Error 2


