Determining if the pthread_create exist failed with the following output:
Change Dir: /root/CS4501-Labs/lab7_ws/build/flightgoggles_uav_dynamics/CMakeFiles/CMakeTmp

Run Build Command:"/usr/bin/make" "cmTC_1963b/fast"
/usr/bin/make -f CMakeFiles/cmTC_1963b.dir/build.make CMakeFiles/cmTC_1963b.dir/build
make[1]: Entering directory '/root/CS4501-Labs/lab7_ws/build/flightgoggles_uav_dynamics/CMakeFiles/CMakeTmp'
Building C object CMakeFiles/cmTC_1963b.dir/CheckSymbolExists.c.o
/usr/bin/cc    -o CMakeFiles/cmTC_1963b.dir/CheckSymbolExists.c.o   -c /root/CS4501-Labs/lab7_ws/build/flightgoggles_uav_dynamics/CMakeFiles/CMakeTmp/CheckSymbolExists.c
Linking C executable cmTC_1963b
/usr/bin/cmake -E cmake_link_script CMakeFiles/cmTC_1963b.dir/link.txt --verbose=1
/usr/bin/cc      -rdynamic CMakeFiles/cmTC_1963b.dir/CheckSymbolExists.c.o  -o cmTC_1963b 
CMakeFiles/cmTC_1963b.dir/CheckSymbolExists.c.o: In function `main':
CheckSymbolExists.c:(.text+0x1b): undefined reference to `pthread_create'
collect2: error: ld returned 1 exit status
CMakeFiles/cmTC_1963b.dir/build.make:97: recipe for target 'cmTC_1963b' failed
make[1]: *** [cmTC_1963b] Error 1
make[1]: Leaving directory '/root/CS4501-Labs/lab7_ws/build/flightgoggles_uav_dynamics/CMakeFiles/CMakeTmp'
Makefile:126: recipe for target 'cmTC_1963b/fast' failed
make: *** [cmTC_1963b/fast] Error 2

File /root/CS4501-Labs/lab7_ws/build/flightgoggles_uav_dynamics/CMakeFiles/CMakeTmp/CheckSymbolExists.c:
/* */
#include <pthread.h>

int main(int argc, char** argv)
{
  (void)argv;
#ifndef pthread_create
  return ((int*)(&pthread_create))[argc];
#else
  (void)argc;
  return 0;
#endif
}

Determining if the function pthread_create exists in the pthreads failed with the following output:
Change Dir: /root/CS4501-Labs/lab7_ws/build/flightgoggles_uav_dynamics/CMakeFiles/CMakeTmp

Run Build Command:"/usr/bin/make" "cmTC_e484d/fast"
/usr/bin/make -f CMakeFiles/cmTC_e484d.dir/build.make CMakeFiles/cmTC_e484d.dir/build
make[1]: Entering directory '/root/CS4501-Labs/lab7_ws/build/flightgoggles_uav_dynamics/CMakeFiles/CMakeTmp'
Building C object CMakeFiles/cmTC_e484d.dir/CheckFunctionExists.c.o
/usr/bin/cc   -DCHECK_FUNCTION_EXISTS=pthread_create   -o CMakeFiles/cmTC_e484d.dir/CheckFunctionExists.c.o   -c /usr/share/cmake-3.10/Modules/CheckFunctionExists.c
Linking C executable cmTC_e484d
/usr/bin/cmake -E cmake_link_script CMakeFiles/cmTC_e484d.dir/link.txt --verbose=1
/usr/bin/cc  -DCHECK_FUNCTION_EXISTS=pthread_create    -rdynamic CMakeFiles/cmTC_e484d.dir/CheckFunctionExists.c.o  -o cmTC_e484d -lpthreads 
/usr/bin/ld: cannot find -lpthreads
collect2: error: ld returned 1 exit status
CMakeFiles/cmTC_e484d.dir/build.make:97: recipe for target 'cmTC_e484d' failed
make[1]: *** [cmTC_e484d] Error 1
make[1]: Leaving directory '/root/CS4501-Labs/lab7_ws/build/flightgoggles_uav_dynamics/CMakeFiles/CMakeTmp'
Makefile:126: recipe for target 'cmTC_e484d/fast' failed
make: *** [cmTC_e484d/fast] Error 2


