Determining if the pthread_create exist failed with the following output:
Change Dir: /root/CS4501-Labs/lab3_ws/build/keyboard/CMakeFiles/CMakeTmp

Run Build Command:"/usr/bin/make" "cmTC_0bdec/fast"
/usr/bin/make -f CMakeFiles/cmTC_0bdec.dir/build.make CMakeFiles/cmTC_0bdec.dir/build
make[1]: Entering directory '/root/CS4501-Labs/lab3_ws/build/keyboard/CMakeFiles/CMakeTmp'
Building C object CMakeFiles/cmTC_0bdec.dir/CheckSymbolExists.c.o
/usr/bin/cc    -o CMakeFiles/cmTC_0bdec.dir/CheckSymbolExists.c.o   -c /root/CS4501-Labs/lab3_ws/build/keyboard/CMakeFiles/CMakeTmp/CheckSymbolExists.c
Linking C executable cmTC_0bdec
/usr/bin/cmake -E cmake_link_script CMakeFiles/cmTC_0bdec.dir/link.txt --verbose=1
/usr/bin/cc      -rdynamic CMakeFiles/cmTC_0bdec.dir/CheckSymbolExists.c.o  -o cmTC_0bdec 
CMakeFiles/cmTC_0bdec.dir/CheckSymbolExists.c.o: In function `main':
CheckSymbolExists.c:(.text+0x1b): undefined reference to `pthread_create'
collect2: error: ld returned 1 exit status
CMakeFiles/cmTC_0bdec.dir/build.make:97: recipe for target 'cmTC_0bdec' failed
make[1]: *** [cmTC_0bdec] Error 1
make[1]: Leaving directory '/root/CS4501-Labs/lab3_ws/build/keyboard/CMakeFiles/CMakeTmp'
Makefile:126: recipe for target 'cmTC_0bdec/fast' failed
make: *** [cmTC_0bdec/fast] Error 2

File /root/CS4501-Labs/lab3_ws/build/keyboard/CMakeFiles/CMakeTmp/CheckSymbolExists.c:
/* */
#include <pthread.h>

int main(int argc, char** argv)
{
  (void)argv;
#ifndef pthread_create
  return ((int*)(&pthread_create))[argc];
#else
  (void)argc;
  return 0;
#endif
}

Determining if the function pthread_create exists in the pthreads failed with the following output:
Change Dir: /root/CS4501-Labs/lab3_ws/build/keyboard/CMakeFiles/CMakeTmp

Run Build Command:"/usr/bin/make" "cmTC_afe03/fast"
/usr/bin/make -f CMakeFiles/cmTC_afe03.dir/build.make CMakeFiles/cmTC_afe03.dir/build
make[1]: Entering directory '/root/CS4501-Labs/lab3_ws/build/keyboard/CMakeFiles/CMakeTmp'
Building C object CMakeFiles/cmTC_afe03.dir/CheckFunctionExists.c.o
/usr/bin/cc   -DCHECK_FUNCTION_EXISTS=pthread_create   -o CMakeFiles/cmTC_afe03.dir/CheckFunctionExists.c.o   -c /usr/share/cmake-3.10/Modules/CheckFunctionExists.c
Linking C executable cmTC_afe03
/usr/bin/cmake -E cmake_link_script CMakeFiles/cmTC_afe03.dir/link.txt --verbose=1
/usr/bin/cc  -DCHECK_FUNCTION_EXISTS=pthread_create    -rdynamic CMakeFiles/cmTC_afe03.dir/CheckFunctionExists.c.o  -o cmTC_afe03 -lpthreads 
/usr/bin/ld: cannot find -lpthreads
collect2: error: ld returned 1 exit status
CMakeFiles/cmTC_afe03.dir/build.make:97: recipe for target 'cmTC_afe03' failed
make[1]: *** [cmTC_afe03] Error 1
make[1]: Leaving directory '/root/CS4501-Labs/lab3_ws/build/keyboard/CMakeFiles/CMakeTmp'
Makefile:126: recipe for target 'cmTC_afe03/fast' failed
make: *** [cmTC_afe03/fast] Error 2


