Linked: (/root/CS4501-Labs/project/devel/.private/environment_controller/include/environment_controller/use_key.h, /root/CS4501-Labs/project/devel/include/environment_controller/use_key.h)
Linked: (/root/CS4501-Labs/project/devel/.private/environment_controller/include/environment_controller/use_keyRequest.h, /root/CS4501-Labs/project/devel/include/environment_controller/use_keyRequest.h)
Linked: (/root/CS4501-Labs/project/devel/.private/environment_controller/include/environment_controller/use_keyResponse.h, /root/CS4501-Labs/project/devel/include/environment_controller/use_keyResponse.h)
Linked: (/root/CS4501-Labs/project/devel/.private/environment_controller/lib/environment_controller/environment_controller_node, /root/CS4501-Labs/project/devel/lib/environment_controller/environment_controller_node)
Linked: (/root/CS4501-Labs/project/devel/.private/environment_controller/lib/pkgconfig/environment_controller.pc, /root/CS4501-Labs/project/devel/lib/pkgconfig/environment_controller.pc)
Linked: (/root/CS4501-Labs/project/devel/.private/environment_controller/lib/python2.7/dist-packages/environment_controller/__init__.py, /root/CS4501-Labs/project/devel/lib/python2.7/dist-packages/environment_controller/__init__.py)
Linked: (/root/CS4501-Labs/project/devel/.private/environment_controller/lib/python2.7/dist-packages/environment_controller/srv/__init__.py, /root/CS4501-Labs/project/devel/lib/python2.7/dist-packages/environment_controller/srv/__init__.py)
Linked: (/root/CS4501-Labs/project/devel/.private/environment_controller/lib/python2.7/dist-packages/environment_controller/srv/_use_key.py, /root/CS4501-Labs/project/devel/lib/python2.7/dist-packages/environment_controller/srv/_use_key.py)
Linked: (/root/CS4501-Labs/project/devel/.private/environment_controller/share/common-lisp/ros/environment_controller/srv/_package.lisp, /root/CS4501-Labs/project/devel/share/common-lisp/ros/environment_controller/srv/_package.lisp)
Linked: (/root/CS4501-Labs/project/devel/.private/environment_controller/share/common-lisp/ros/environment_controller/srv/_package_use_key.lisp, /root/CS4501-Labs/project/devel/share/common-lisp/ros/environment_controller/srv/_package_use_key.lisp)
Linked: (/root/CS4501-Labs/project/devel/.private/environment_controller/share/common-lisp/ros/environment_controller/srv/environment_controller-srv.asd, /root/CS4501-Labs/project/devel/share/common-lisp/ros/environment_controller/srv/environment_controller-srv.asd)
Linked: (/root/CS4501-Labs/project/devel/.private/environment_controller/share/common-lisp/ros/environment_controller/srv/use_key.lisp, /root/CS4501-Labs/project/devel/share/common-lisp/ros/environment_controller/srv/use_key.lisp)
Linked: (/root/CS4501-Labs/project/devel/.private/environment_controller/share/environment_controller/cmake/environment_controller-msg-extras.cmake, /root/CS4501-Labs/project/devel/share/environment_controller/cmake/environment_controller-msg-extras.cmake)
Linked: (/root/CS4501-Labs/project/devel/.private/environment_controller/share/environment_controller/cmake/environment_controller-msg-paths.cmake, /root/CS4501-Labs/project/devel/share/environment_controller/cmake/environment_controller-msg-paths.cmake)
Linked: (/root/CS4501-Labs/project/devel/.private/environment_controller/share/environment_controller/cmake/environment_controllerConfig-version.cmake, /root/CS4501-Labs/project/devel/share/environment_controller/cmake/environment_controllerConfig-version.cmake)
Linked: (/root/CS4501-Labs/project/devel/.private/environment_controller/share/environment_controller/cmake/environment_controllerConfig.cmake, /root/CS4501-Labs/project/devel/share/environment_controller/cmake/environment_controllerConfig.cmake)
Linked: (/root/CS4501-Labs/project/devel/.private/environment_controller/share/gennodejs/ros/environment_controller/_index.js, /root/CS4501-Labs/project/devel/share/gennodejs/ros/environment_controller/_index.js)
Linked: (/root/CS4501-Labs/project/devel/.private/environment_controller/share/gennodejs/ros/environment_controller/srv/_index.js, /root/CS4501-Labs/project/devel/share/gennodejs/ros/environment_controller/srv/_index.js)
Linked: (/root/CS4501-Labs/project/devel/.private/environment_controller/share/gennodejs/ros/environment_controller/srv/use_key.js, /root/CS4501-Labs/project/devel/share/gennodejs/ros/environment_controller/srv/use_key.js)
Linked: (/root/CS4501-Labs/project/devel/.private/environment_controller/share/roseus/ros/environment_controller/manifest.l, /root/CS4501-Labs/project/devel/share/roseus/ros/environment_controller/manifest.l)
Linked: (/root/CS4501-Labs/project/devel/.private/environment_controller/share/roseus/ros/environment_controller/srv/use_key.l, /root/CS4501-Labs/project/devel/share/roseus/ros/environment_controller/srv/use_key.l)
