Symlinking /root/CS4501-Labs/project/devel/include/environment_controller/use_key.h
Symlinking /root/CS4501-Labs/project/devel/include/environment_controller/use_keyRequest.h
Symlinking /root/CS4501-Labs/project/devel/include/environment_controller/use_keyResponse.h
Symlinking /root/CS4501-Labs/project/devel/lib/environment_controller/environment_controller_node
Symlinking /root/CS4501-Labs/project/devel/lib/pkgconfig/environment_controller.pc
Symlinking /root/CS4501-Labs/project/devel/lib/python2.7/dist-packages/environment_controller/__init__.py
Symlinking /root/CS4501-Labs/project/devel/lib/python2.7/dist-packages/environment_controller/srv/__init__.py
Symlinking /root/CS4501-Labs/project/devel/lib/python2.7/dist-packages/environment_controller/srv/_use_key.py
Symlinking /root/CS4501-Labs/project/devel/share/common-lisp/ros/environment_controller/srv/_package.lisp
Symlinking /root/CS4501-Labs/project/devel/share/common-lisp/ros/environment_controller/srv/_package_use_key.lisp
Symlinking /root/CS4501-Labs/project/devel/share/common-lisp/ros/environment_controller/srv/environment_controller-srv.asd
Symlinking /root/CS4501-Labs/project/devel/share/common-lisp/ros/environment_controller/srv/use_key.lisp
Symlinking /root/CS4501-Labs/project/devel/share/environment_controller/cmake/environment_controller-msg-extras.cmake
Symlinking /root/CS4501-Labs/project/devel/share/environment_controller/cmake/environment_controller-msg-paths.cmake
Symlinking /root/CS4501-Labs/project/devel/share/environment_controller/cmake/environment_controllerConfig-version.cmake
Symlinking /root/CS4501-Labs/project/devel/share/environment_controller/cmake/environment_controllerConfig.cmake
Symlinking /root/CS4501-Labs/project/devel/share/gennodejs/ros/environment_controller/_index.js
Symlinking /root/CS4501-Labs/project/devel/share/gennodejs/ros/environment_controller/srv/_index.js
Symlinking /root/CS4501-Labs/project/devel/share/gennodejs/ros/environment_controller/srv/use_key.js
Symlinking /root/CS4501-Labs/project/devel/share/roseus/ros/environment_controller/manifest.l
Symlinking /root/CS4501-Labs/project/devel/share/roseus/ros/environment_controller/srv/use_key.l
