Determining if the pthread_create exist failed with the following output:
Change Dir: /root/CS4501-Labs/lab1_ws/build/catkin_tools_prebuild/CMakeFiles/CMakeTmp

Run Build Command:"/usr/bin/make" "cmTC_3c44e/fast"
/usr/bin/make -f CMakeFiles/cmTC_3c44e.dir/build.make CMakeFiles/cmTC_3c44e.dir/build
make[1]: Entering directory '/root/CS4501-Labs/lab1_ws/build/catkin_tools_prebuild/CMakeFiles/CMakeTmp'
Building C object CMakeFiles/cmTC_3c44e.dir/CheckSymbolExists.c.o
/usr/bin/cc    -o CMakeFiles/cmTC_3c44e.dir/CheckSymbolExists.c.o   -c /root/CS4501-Labs/lab1_ws/build/catkin_tools_prebuild/CMakeFiles/CMakeTmp/CheckSymbolExists.c
Linking C executable cmTC_3c44e
/usr/bin/cmake -E cmake_link_script CMakeFiles/cmTC_3c44e.dir/link.txt --verbose=1
/usr/bin/cc      -rdynamic CMakeFiles/cmTC_3c44e.dir/CheckSymbolExists.c.o  -o cmTC_3c44e 
CMakeFiles/cmTC_3c44e.dir/CheckSymbolExists.c.o: In function `main':
CheckSymbolExists.c:(.text+0x1b): undefined reference to `pthread_create'
collect2: error: ld returned 1 exit status
CMakeFiles/cmTC_3c44e.dir/build.make:97: recipe for target 'cmTC_3c44e' failed
make[1]: *** [cmTC_3c44e] Error 1
make[1]: Leaving directory '/root/CS4501-Labs/lab1_ws/build/catkin_tools_prebuild/CMakeFiles/CMakeTmp'
Makefile:126: recipe for target 'cmTC_3c44e/fast' failed
make: *** [cmTC_3c44e/fast] Error 2

File /root/CS4501-Labs/lab1_ws/build/catkin_tools_prebuild/CMakeFiles/CMakeTmp/CheckSymbolExists.c:
/* */
#include <pthread.h>

int main(int argc, char** argv)
{
  (void)argv;
#ifndef pthread_create
  return ((int*)(&pthread_create))[argc];
#else
  (void)argc;
  return 0;
#endif
}

Determining if the function pthread_create exists in the pthreads failed with the following output:
Change Dir: /root/CS4501-Labs/lab1_ws/build/catkin_tools_prebuild/CMakeFiles/CMakeTmp

Run Build Command:"/usr/bin/make" "cmTC_281e8/fast"
/usr/bin/make -f CMakeFiles/cmTC_281e8.dir/build.make CMakeFiles/cmTC_281e8.dir/build
make[1]: Entering directory '/root/CS4501-Labs/lab1_ws/build/catkin_tools_prebuild/CMakeFiles/CMakeTmp'
Building C object CMakeFiles/cmTC_281e8.dir/CheckFunctionExists.c.o
/usr/bin/cc   -DCHECK_FUNCTION_EXISTS=pthread_create   -o CMakeFiles/cmTC_281e8.dir/CheckFunctionExists.c.o   -c /usr/share/cmake-3.10/Modules/CheckFunctionExists.c
Linking C executable cmTC_281e8
/usr/bin/cmake -E cmake_link_script CMakeFiles/cmTC_281e8.dir/link.txt --verbose=1
/usr/bin/cc  -DCHECK_FUNCTION_EXISTS=pthread_create    -rdynamic CMakeFiles/cmTC_281e8.dir/CheckFunctionExists.c.o  -o cmTC_281e8 -lpthreads 
/usr/bin/ld: cannot find -lpthreads
collect2: error: ld returned 1 exit status
CMakeFiles/cmTC_281e8.dir/build.make:97: recipe for target 'cmTC_281e8' failed
make[1]: *** [cmTC_281e8] Error 1
make[1]: Leaving directory '/root/CS4501-Labs/lab1_ws/build/catkin_tools_prebuild/CMakeFiles/CMakeTmp'
Makefile:126: recipe for target 'cmTC_281e8/fast' failed
make: *** [cmTC_281e8/fast] Error 2


