Determining if the pthread_create exist failed with the following output:
Change Dir: /root/CS4501-Labs/lab7_ws/build/flightgoggles/CMakeFiles/CMakeTmp

Run Build Command:"/usr/bin/make" "cmTC_8256d/fast"
/usr/bin/make -f CMakeFiles/cmTC_8256d.dir/build.make CMakeFiles/cmTC_8256d.dir/build
make[1]: Entering directory '/root/CS4501-Labs/lab7_ws/build/flightgoggles/CMakeFiles/CMakeTmp'
Building C object CMakeFiles/cmTC_8256d.dir/CheckSymbolExists.c.o
/usr/bin/cc    -o CMakeFiles/cmTC_8256d.dir/CheckSymbolExists.c.o   -c /root/CS4501-Labs/lab7_ws/build/flightgoggles/CMakeFiles/CMakeTmp/CheckSymbolExists.c
Linking C executable cmTC_8256d
/usr/bin/cmake -E cmake_link_script CMakeFiles/cmTC_8256d.dir/link.txt --verbose=1
/usr/bin/cc      -rdynamic CMakeFiles/cmTC_8256d.dir/CheckSymbolExists.c.o  -o cmTC_8256d 
CMakeFiles/cmTC_8256d.dir/CheckSymbolExists.c.o: In function `main':
CheckSymbolExists.c:(.text+0x1b): undefined reference to `pthread_create'
collect2: error: ld returned 1 exit status
CMakeFiles/cmTC_8256d.dir/build.make:97: recipe for target 'cmTC_8256d' failed
make[1]: *** [cmTC_8256d] Error 1
make[1]: Leaving directory '/root/CS4501-Labs/lab7_ws/build/flightgoggles/CMakeFiles/CMakeTmp'
Makefile:126: recipe for target 'cmTC_8256d/fast' failed
make: *** [cmTC_8256d/fast] Error 2

File /root/CS4501-Labs/lab7_ws/build/flightgoggles/CMakeFiles/CMakeTmp/CheckSymbolExists.c:
/* */
#include <pthread.h>

int main(int argc, char** argv)
{
  (void)argv;
#ifndef pthread_create
  return ((int*)(&pthread_create))[argc];
#else
  (void)argc;
  return 0;
#endif
}

Determining if the function pthread_create exists in the pthreads failed with the following output:
Change Dir: /root/CS4501-Labs/lab7_ws/build/flightgoggles/CMakeFiles/CMakeTmp

Run Build Command:"/usr/bin/make" "cmTC_bd38c/fast"
/usr/bin/make -f CMakeFiles/cmTC_bd38c.dir/build.make CMakeFiles/cmTC_bd38c.dir/build
make[1]: Entering directory '/root/CS4501-Labs/lab7_ws/build/flightgoggles/CMakeFiles/CMakeTmp'
Building C object CMakeFiles/cmTC_bd38c.dir/CheckFunctionExists.c.o
/usr/bin/cc   -DCHECK_FUNCTION_EXISTS=pthread_create   -o CMakeFiles/cmTC_bd38c.dir/CheckFunctionExists.c.o   -c /usr/share/cmake-3.10/Modules/CheckFunctionExists.c
Linking C executable cmTC_bd38c
/usr/bin/cmake -E cmake_link_script CMakeFiles/cmTC_bd38c.dir/link.txt --verbose=1
/usr/bin/cc  -DCHECK_FUNCTION_EXISTS=pthread_create    -rdynamic CMakeFiles/cmTC_bd38c.dir/CheckFunctionExists.c.o  -o cmTC_bd38c -lpthreads 
/usr/bin/ld: cannot find -lpthreads
collect2: error: ld returned 1 exit status
CMakeFiles/cmTC_bd38c.dir/build.make:97: recipe for target 'cmTC_bd38c' failed
make[1]: *** [cmTC_bd38c] Error 1
make[1]: Leaving directory '/root/CS4501-Labs/lab7_ws/build/flightgoggles/CMakeFiles/CMakeTmp'
Makefile:126: recipe for target 'cmTC_bd38c/fast' failed
make: *** [cmTC_bd38c/fast] Error 2


