Linked: (/root/CS4501-Labs/lab3_ws/devel/.private/simple_control/include/simple_control/toggle_geofence.h, /root/CS4501-Labs/lab3_ws/devel/include/simple_control/toggle_geofence.h)
Linked: (/root/CS4501-Labs/lab3_ws/devel/.private/simple_control/include/simple_control/toggle_geofenceRequest.h, /root/CS4501-Labs/lab3_ws/devel/include/simple_control/toggle_geofenceRequest.h)
Linked: (/root/CS4501-Labs/lab3_ws/devel/.private/simple_control/include/simple_control/toggle_geofenceResponse.h, /root/CS4501-Labs/lab3_ws/devel/include/simple_control/toggle_geofenceResponse.h)
Linked: (/root/CS4501-Labs/lab3_ws/devel/.private/simple_control/lib/pkgconfig/simple_control.pc, /root/CS4501-Labs/lab3_ws/devel/lib/pkgconfig/simple_control.pc)
Linked: (/root/CS4501-Labs/lab3_ws/devel/.private/simple_control/lib/python2.7/dist-packages/simple_control/__init__.py, /root/CS4501-Labs/lab3_ws/devel/lib/python2.7/dist-packages/simple_control/__init__.py)
Linked: (/root/CS4501-Labs/lab3_ws/devel/.private/simple_control/lib/python2.7/dist-packages/simple_control/srv/__init__.py, /root/CS4501-Labs/lab3_ws/devel/lib/python2.7/dist-packages/simple_control/srv/__init__.py)
Linked: (/root/CS4501-Labs/lab3_ws/devel/.private/simple_control/lib/python2.7/dist-packages/simple_control/srv/_toggle_geofence.py, /root/CS4501-Labs/lab3_ws/devel/lib/python2.7/dist-packages/simple_control/srv/_toggle_geofence.py)
Linked: (/root/CS4501-Labs/lab3_ws/devel/.private/simple_control/share/common-lisp/ros/simple_control/srv/_package.lisp, /root/CS4501-Labs/lab3_ws/devel/share/common-lisp/ros/simple_control/srv/_package.lisp)
Linked: (/root/CS4501-Labs/lab3_ws/devel/.private/simple_control/share/common-lisp/ros/simple_control/srv/_package_toggle_geofence.lisp, /root/CS4501-Labs/lab3_ws/devel/share/common-lisp/ros/simple_control/srv/_package_toggle_geofence.lisp)
Linked: (/root/CS4501-Labs/lab3_ws/devel/.private/simple_control/share/common-lisp/ros/simple_control/srv/simple_control-srv.asd, /root/CS4501-Labs/lab3_ws/devel/share/common-lisp/ros/simple_control/srv/simple_control-srv.asd)
Linked: (/root/CS4501-Labs/lab3_ws/devel/.private/simple_control/share/common-lisp/ros/simple_control/srv/toggle_geofence.lisp, /root/CS4501-Labs/lab3_ws/devel/share/common-lisp/ros/simple_control/srv/toggle_geofence.lisp)
Linked: (/root/CS4501-Labs/lab3_ws/devel/.private/simple_control/share/gennodejs/ros/simple_control/_index.js, /root/CS4501-Labs/lab3_ws/devel/share/gennodejs/ros/simple_control/_index.js)
Linked: (/root/CS4501-Labs/lab3_ws/devel/.private/simple_control/share/gennodejs/ros/simple_control/srv/_index.js, /root/CS4501-Labs/lab3_ws/devel/share/gennodejs/ros/simple_control/srv/_index.js)
Linked: (/root/CS4501-Labs/lab3_ws/devel/.private/simple_control/share/gennodejs/ros/simple_control/srv/toggle_geofence.js, /root/CS4501-Labs/lab3_ws/devel/share/gennodejs/ros/simple_control/srv/toggle_geofence.js)
Linked: (/root/CS4501-Labs/lab3_ws/devel/.private/simple_control/share/roseus/ros/simple_control/manifest.l, /root/CS4501-Labs/lab3_ws/devel/share/roseus/ros/simple_control/manifest.l)
Linked: (/root/CS4501-Labs/lab3_ws/devel/.private/simple_control/share/roseus/ros/simple_control/srv/toggle_geofence.l, /root/CS4501-Labs/lab3_ws/devel/share/roseus/ros/simple_control/srv/toggle_geofence.l)
Linked: (/root/CS4501-Labs/lab3_ws/devel/.private/simple_control/share/simple_control/cmake/simple_control-msg-extras.cmake, /root/CS4501-Labs/lab3_ws/devel/share/simple_control/cmake/simple_control-msg-extras.cmake)
Linked: (/root/CS4501-Labs/lab3_ws/devel/.private/simple_control/share/simple_control/cmake/simple_control-msg-paths.cmake, /root/CS4501-Labs/lab3_ws/devel/share/simple_control/cmake/simple_control-msg-paths.cmake)
Linked: (/root/CS4501-Labs/lab3_ws/devel/.private/simple_control/share/simple_control/cmake/simple_controlConfig-version.cmake, /root/CS4501-Labs/lab3_ws/devel/share/simple_control/cmake/simple_controlConfig-version.cmake)
Linked: (/root/CS4501-Labs/lab3_ws/devel/.private/simple_control/share/simple_control/cmake/simple_controlConfig.cmake, /root/CS4501-Labs/lab3_ws/devel/share/simple_control/cmake/simple_controlConfig.cmake)
