Determining if the pthread_create exist failed with the following output:
Change Dir: /root/CS4501-Labs/lab5_ws/build/perception/CMakeFiles/CMakeTmp

Run Build Command:"/usr/bin/make" "cmTC_140cb/fast"
/usr/bin/make -f CMakeFiles/cmTC_140cb.dir/build.make CMakeFiles/cmTC_140cb.dir/build
make[1]: Entering directory '/root/CS4501-Labs/lab5_ws/build/perception/CMakeFiles/CMakeTmp'
Building C object CMakeFiles/cmTC_140cb.dir/CheckSymbolExists.c.o
/usr/bin/cc    -o CMakeFiles/cmTC_140cb.dir/CheckSymbolExists.c.o   -c /root/CS4501-Labs/lab5_ws/build/perception/CMakeFiles/CMakeTmp/CheckSymbolExists.c
Linking C executable cmTC_140cb
/usr/bin/cmake -E cmake_link_script CMakeFiles/cmTC_140cb.dir/link.txt --verbose=1
/usr/bin/cc      -rdynamic CMakeFiles/cmTC_140cb.dir/CheckSymbolExists.c.o  -o cmTC_140cb 
CMakeFiles/cmTC_140cb.dir/CheckSymbolExists.c.o: In function `main':
CheckSymbolExists.c:(.text+0x1b): undefined reference to `pthread_create'
collect2: error: ld returned 1 exit status
CMakeFiles/cmTC_140cb.dir/build.make:97: recipe for target 'cmTC_140cb' failed
make[1]: *** [cmTC_140cb] Error 1
make[1]: Leaving directory '/root/CS4501-Labs/lab5_ws/build/perception/CMakeFiles/CMakeTmp'
Makefile:126: recipe for target 'cmTC_140cb/fast' failed
make: *** [cmTC_140cb/fast] Error 2

File /root/CS4501-Labs/lab5_ws/build/perception/CMakeFiles/CMakeTmp/CheckSymbolExists.c:
/* */
#include <pthread.h>

int main(int argc, char** argv)
{
  (void)argv;
#ifndef pthread_create
  return ((int*)(&pthread_create))[argc];
#else
  (void)argc;
  return 0;
#endif
}

Determining if the function pthread_create exists in the pthreads failed with the following output:
Change Dir: /root/CS4501-Labs/lab5_ws/build/perception/CMakeFiles/CMakeTmp

Run Build Command:"/usr/bin/make" "cmTC_7ec8e/fast"
/usr/bin/make -f CMakeFiles/cmTC_7ec8e.dir/build.make CMakeFiles/cmTC_7ec8e.dir/build
make[1]: Entering directory '/root/CS4501-Labs/lab5_ws/build/perception/CMakeFiles/CMakeTmp'
Building C object CMakeFiles/cmTC_7ec8e.dir/CheckFunctionExists.c.o
/usr/bin/cc   -DCHECK_FUNCTION_EXISTS=pthread_create   -o CMakeFiles/cmTC_7ec8e.dir/CheckFunctionExists.c.o   -c /usr/share/cmake-3.10/Modules/CheckFunctionExists.c
Linking C executable cmTC_7ec8e
/usr/bin/cmake -E cmake_link_script CMakeFiles/cmTC_7ec8e.dir/link.txt --verbose=1
/usr/bin/cc  -DCHECK_FUNCTION_EXISTS=pthread_create    -rdynamic CMakeFiles/cmTC_7ec8e.dir/CheckFunctionExists.c.o  -o cmTC_7ec8e -lpthreads 
/usr/bin/ld: cannot find -lpthreads
collect2: error: ld returned 1 exit status
CMakeFiles/cmTC_7ec8e.dir/build.make:97: recipe for target 'cmTC_7ec8e' failed
make[1]: *** [cmTC_7ec8e] Error 1
make[1]: Leaving directory '/root/CS4501-Labs/lab5_ws/build/perception/CMakeFiles/CMakeTmp'
Makefile:126: recipe for target 'cmTC_7ec8e/fast' failed
make: *** [cmTC_7ec8e/fast] Error 2


