Determining if the pthread_create exist failed with the following output:
Change Dir: /root/CS4501-Labs/lab6_ws/build/visualizer/CMakeFiles/CMakeTmp

Run Build Command:"/usr/bin/make" "cmTC_a0320/fast"
/usr/bin/make -f CMakeFiles/cmTC_a0320.dir/build.make CMakeFiles/cmTC_a0320.dir/build
make[1]: Entering directory '/root/CS4501-Labs/lab6_ws/build/visualizer/CMakeFiles/CMakeTmp'
Building C object CMakeFiles/cmTC_a0320.dir/CheckSymbolExists.c.o
/usr/bin/cc    -o CMakeFiles/cmTC_a0320.dir/CheckSymbolExists.c.o   -c /root/CS4501-Labs/lab6_ws/build/visualizer/CMakeFiles/CMakeTmp/CheckSymbolExists.c
Linking C executable cmTC_a0320
/usr/bin/cmake -E cmake_link_script CMakeFiles/cmTC_a0320.dir/link.txt --verbose=1
/usr/bin/cc      -rdynamic CMakeFiles/cmTC_a0320.dir/CheckSymbolExists.c.o  -o cmTC_a0320 
CMakeFiles/cmTC_a0320.dir/CheckSymbolExists.c.o: In function `main':
CheckSymbolExists.c:(.text+0x1b): undefined reference to `pthread_create'
collect2: error: ld returned 1 exit status
CMakeFiles/cmTC_a0320.dir/build.make:97: recipe for target 'cmTC_a0320' failed
make[1]: *** [cmTC_a0320] Error 1
make[1]: Leaving directory '/root/CS4501-Labs/lab6_ws/build/visualizer/CMakeFiles/CMakeTmp'
Makefile:126: recipe for target 'cmTC_a0320/fast' failed
make: *** [cmTC_a0320/fast] Error 2

File /root/CS4501-Labs/lab6_ws/build/visualizer/CMakeFiles/CMakeTmp/CheckSymbolExists.c:
/* */
#include <pthread.h>

int main(int argc, char** argv)
{
  (void)argv;
#ifndef pthread_create
  return ((int*)(&pthread_create))[argc];
#else
  (void)argc;
  return 0;
#endif
}

Determining if the function pthread_create exists in the pthreads failed with the following output:
Change Dir: /root/CS4501-Labs/lab6_ws/build/visualizer/CMakeFiles/CMakeTmp

Run Build Command:"/usr/bin/make" "cmTC_aa11b/fast"
/usr/bin/make -f CMakeFiles/cmTC_aa11b.dir/build.make CMakeFiles/cmTC_aa11b.dir/build
make[1]: Entering directory '/root/CS4501-Labs/lab6_ws/build/visualizer/CMakeFiles/CMakeTmp'
Building C object CMakeFiles/cmTC_aa11b.dir/CheckFunctionExists.c.o
/usr/bin/cc   -DCHECK_FUNCTION_EXISTS=pthread_create   -o CMakeFiles/cmTC_aa11b.dir/CheckFunctionExists.c.o   -c /usr/share/cmake-3.10/Modules/CheckFunctionExists.c
Linking C executable cmTC_aa11b
/usr/bin/cmake -E cmake_link_script CMakeFiles/cmTC_aa11b.dir/link.txt --verbose=1
/usr/bin/cc  -DCHECK_FUNCTION_EXISTS=pthread_create    -rdynamic CMakeFiles/cmTC_aa11b.dir/CheckFunctionExists.c.o  -o cmTC_aa11b -lpthreads 
/usr/bin/ld: cannot find -lpthreads
collect2: error: ld returned 1 exit status
CMakeFiles/cmTC_aa11b.dir/build.make:97: recipe for target 'cmTC_aa11b' failed
make[1]: *** [cmTC_aa11b] Error 1
make[1]: Leaving directory '/root/CS4501-Labs/lab6_ws/build/visualizer/CMakeFiles/CMakeTmp'
Makefile:126: recipe for target 'cmTC_aa11b/fast' failed
make: *** [cmTC_aa11b/fast] Error 2


