Determining if the pthread_create exist failed with the following output:
Change Dir: /root/CS4501-Labs/lab2_ws/lab2_p2_ws/build/catkin_tools_prebuild/CMakeFiles/CMakeTmp

Run Build Command:"/usr/bin/make" "cmTC_46b5f/fast"
/usr/bin/make -f CMakeFiles/cmTC_46b5f.dir/build.make CMakeFiles/cmTC_46b5f.dir/build
make[1]: Entering directory '/root/CS4501-Labs/lab2_ws/lab2_p2_ws/build/catkin_tools_prebuild/CMakeFiles/CMakeTmp'
Building C object CMakeFiles/cmTC_46b5f.dir/CheckSymbolExists.c.o
/usr/bin/cc    -o CMakeFiles/cmTC_46b5f.dir/CheckSymbolExists.c.o   -c /root/CS4501-Labs/lab2_ws/lab2_p2_ws/build/catkin_tools_prebuild/CMakeFiles/CMakeTmp/CheckSymbolExists.c
Linking C executable cmTC_46b5f
/usr/bin/cmake -E cmake_link_script CMakeFiles/cmTC_46b5f.dir/link.txt --verbose=1
/usr/bin/cc      -rdynamic CMakeFiles/cmTC_46b5f.dir/CheckSymbolExists.c.o  -o cmTC_46b5f 
CMakeFiles/cmTC_46b5f.dir/CheckSymbolExists.c.o: In function `main':
CheckSymbolExists.c:(.text+0x1b): undefined reference to `pthread_create'
collect2: error: ld returned 1 exit status
CMakeFiles/cmTC_46b5f.dir/build.make:97: recipe for target 'cmTC_46b5f' failed
make[1]: *** [cmTC_46b5f] Error 1
make[1]: Leaving directory '/root/CS4501-Labs/lab2_ws/lab2_p2_ws/build/catkin_tools_prebuild/CMakeFiles/CMakeTmp'
Makefile:126: recipe for target 'cmTC_46b5f/fast' failed
make: *** [cmTC_46b5f/fast] Error 2

File /root/CS4501-Labs/lab2_ws/lab2_p2_ws/build/catkin_tools_prebuild/CMakeFiles/CMakeTmp/CheckSymbolExists.c:
/* */
#include <pthread.h>

int main(int argc, char** argv)
{
  (void)argv;
#ifndef pthread_create
  return ((int*)(&pthread_create))[argc];
#else
  (void)argc;
  return 0;
#endif
}

Determining if the function pthread_create exists in the pthreads failed with the following output:
Change Dir: /root/CS4501-Labs/lab2_ws/lab2_p2_ws/build/catkin_tools_prebuild/CMakeFiles/CMakeTmp

Run Build Command:"/usr/bin/make" "cmTC_32f46/fast"
/usr/bin/make -f CMakeFiles/cmTC_32f46.dir/build.make CMakeFiles/cmTC_32f46.dir/build
make[1]: Entering directory '/root/CS4501-Labs/lab2_ws/lab2_p2_ws/build/catkin_tools_prebuild/CMakeFiles/CMakeTmp'
Building C object CMakeFiles/cmTC_32f46.dir/CheckFunctionExists.c.o
/usr/bin/cc   -DCHECK_FUNCTION_EXISTS=pthread_create   -o CMakeFiles/cmTC_32f46.dir/CheckFunctionExists.c.o   -c /usr/share/cmake-3.10/Modules/CheckFunctionExists.c
Linking C executable cmTC_32f46
/usr/bin/cmake -E cmake_link_script CMakeFiles/cmTC_32f46.dir/link.txt --verbose=1
/usr/bin/cc  -DCHECK_FUNCTION_EXISTS=pthread_create    -rdynamic CMakeFiles/cmTC_32f46.dir/CheckFunctionExists.c.o  -o cmTC_32f46 -lpthreads 
/usr/bin/ld: cannot find -lpthreads
collect2: error: ld returned 1 exit status
CMakeFiles/cmTC_32f46.dir/build.make:97: recipe for target 'cmTC_32f46' failed
make[1]: *** [cmTC_32f46] Error 1
make[1]: Leaving directory '/root/CS4501-Labs/lab2_ws/lab2_p2_ws/build/catkin_tools_prebuild/CMakeFiles/CMakeTmp'
Makefile:126: recipe for target 'cmTC_32f46/fast' failed
make: *** [cmTC_32f46/fast] Error 2


