Determining if the pthread_create exist failed with the following output:
Change Dir: /root/CS4501-Labs/lab7_ws/build/simple_control/CMakeFiles/CMakeTmp

Run Build Command:"/usr/bin/make" "cmTC_fd29a/fast"
/usr/bin/make -f CMakeFiles/cmTC_fd29a.dir/build.make CMakeFiles/cmTC_fd29a.dir/build
make[1]: Entering directory '/root/CS4501-Labs/lab7_ws/build/simple_control/CMakeFiles/CMakeTmp'
Building C object CMakeFiles/cmTC_fd29a.dir/CheckSymbolExists.c.o
/usr/bin/cc    -o CMakeFiles/cmTC_fd29a.dir/CheckSymbolExists.c.o   -c /root/CS4501-Labs/lab7_ws/build/simple_control/CMakeFiles/CMakeTmp/CheckSymbolExists.c
Linking C executable cmTC_fd29a
/usr/bin/cmake -E cmake_link_script CMakeFiles/cmTC_fd29a.dir/link.txt --verbose=1
/usr/bin/cc      -rdynamic CMakeFiles/cmTC_fd29a.dir/CheckSymbolExists.c.o  -o cmTC_fd29a 
CMakeFiles/cmTC_fd29a.dir/CheckSymbolExists.c.o: In function `main':
CheckSymbolExists.c:(.text+0x1b): undefined reference to `pthread_create'
collect2: error: ld returned 1 exit status
CMakeFiles/cmTC_fd29a.dir/build.make:97: recipe for target 'cmTC_fd29a' failed
make[1]: *** [cmTC_fd29a] Error 1
make[1]: Leaving directory '/root/CS4501-Labs/lab7_ws/build/simple_control/CMakeFiles/CMakeTmp'
Makefile:126: recipe for target 'cmTC_fd29a/fast' failed
make: *** [cmTC_fd29a/fast] Error 2

File /root/CS4501-Labs/lab7_ws/build/simple_control/CMakeFiles/CMakeTmp/CheckSymbolExists.c:
/* */
#include <pthread.h>

int main(int argc, char** argv)
{
  (void)argv;
#ifndef pthread_create
  return ((int*)(&pthread_create))[argc];
#else
  (void)argc;
  return 0;
#endif
}

Determining if the function pthread_create exists in the pthreads failed with the following output:
Change Dir: /root/CS4501-Labs/lab7_ws/build/simple_control/CMakeFiles/CMakeTmp

Run Build Command:"/usr/bin/make" "cmTC_a321d/fast"
/usr/bin/make -f CMakeFiles/cmTC_a321d.dir/build.make CMakeFiles/cmTC_a321d.dir/build
make[1]: Entering directory '/root/CS4501-Labs/lab7_ws/build/simple_control/CMakeFiles/CMakeTmp'
Building C object CMakeFiles/cmTC_a321d.dir/CheckFunctionExists.c.o
/usr/bin/cc   -DCHECK_FUNCTION_EXISTS=pthread_create   -o CMakeFiles/cmTC_a321d.dir/CheckFunctionExists.c.o   -c /usr/share/cmake-3.10/Modules/CheckFunctionExists.c
Linking C executable cmTC_a321d
/usr/bin/cmake -E cmake_link_script CMakeFiles/cmTC_a321d.dir/link.txt --verbose=1
/usr/bin/cc  -DCHECK_FUNCTION_EXISTS=pthread_create    -rdynamic CMakeFiles/cmTC_a321d.dir/CheckFunctionExists.c.o  -o cmTC_a321d -lpthreads 
/usr/bin/ld: cannot find -lpthreads
collect2: error: ld returned 1 exit status
CMakeFiles/cmTC_a321d.dir/build.make:97: recipe for target 'cmTC_a321d' failed
make[1]: *** [cmTC_a321d] Error 1
make[1]: Leaving directory '/root/CS4501-Labs/lab7_ws/build/simple_control/CMakeFiles/CMakeTmp'
Makefile:126: recipe for target 'cmTC_a321d/fast' failed
make: *** [cmTC_a321d/fast] Error 2


