Determining if the pthread_create exist failed with the following output:
Change Dir: /root/CS4501-Labs/lab2_ws/lab2_p2_ws/build/flightcontroller/CMakeFiles/CMakeTmp

Run Build Command:"/usr/bin/make" "cmTC_eb01d/fast"
/usr/bin/make -f CMakeFiles/cmTC_eb01d.dir/build.make CMakeFiles/cmTC_eb01d.dir/build
make[1]: Entering directory '/root/CS4501-Labs/lab2_ws/lab2_p2_ws/build/flightcontroller/CMakeFiles/CMakeTmp'
Building C object CMakeFiles/cmTC_eb01d.dir/CheckSymbolExists.c.o
/usr/bin/cc    -o CMakeFiles/cmTC_eb01d.dir/CheckSymbolExists.c.o   -c /root/CS4501-Labs/lab2_ws/lab2_p2_ws/build/flightcontroller/CMakeFiles/CMakeTmp/CheckSymbolExists.c
Linking C executable cmTC_eb01d
/usr/bin/cmake -E cmake_link_script CMakeFiles/cmTC_eb01d.dir/link.txt --verbose=1
/usr/bin/cc      -rdynamic CMakeFiles/cmTC_eb01d.dir/CheckSymbolExists.c.o  -o cmTC_eb01d 
CMakeFiles/cmTC_eb01d.dir/CheckSymbolExists.c.o: In function `main':
CheckSymbolExists.c:(.text+0x1b): undefined reference to `pthread_create'
collect2: error: ld returned 1 exit status
CMakeFiles/cmTC_eb01d.dir/build.make:97: recipe for target 'cmTC_eb01d' failed
make[1]: *** [cmTC_eb01d] Error 1
make[1]: Leaving directory '/root/CS4501-Labs/lab2_ws/lab2_p2_ws/build/flightcontroller/CMakeFiles/CMakeTmp'
Makefile:126: recipe for target 'cmTC_eb01d/fast' failed
make: *** [cmTC_eb01d/fast] Error 2

File /root/CS4501-Labs/lab2_ws/lab2_p2_ws/build/flightcontroller/CMakeFiles/CMakeTmp/CheckSymbolExists.c:
/* */
#include <pthread.h>

int main(int argc, char** argv)
{
  (void)argv;
#ifndef pthread_create
  return ((int*)(&pthread_create))[argc];
#else
  (void)argc;
  return 0;
#endif
}

Determining if the function pthread_create exists in the pthreads failed with the following output:
Change Dir: /root/CS4501-Labs/lab2_ws/lab2_p2_ws/build/flightcontroller/CMakeFiles/CMakeTmp

Run Build Command:"/usr/bin/make" "cmTC_01eae/fast"
/usr/bin/make -f CMakeFiles/cmTC_01eae.dir/build.make CMakeFiles/cmTC_01eae.dir/build
make[1]: Entering directory '/root/CS4501-Labs/lab2_ws/lab2_p2_ws/build/flightcontroller/CMakeFiles/CMakeTmp'
Building C object CMakeFiles/cmTC_01eae.dir/CheckFunctionExists.c.o
/usr/bin/cc   -DCHECK_FUNCTION_EXISTS=pthread_create   -o CMakeFiles/cmTC_01eae.dir/CheckFunctionExists.c.o   -c /usr/share/cmake-3.10/Modules/CheckFunctionExists.c
Linking C executable cmTC_01eae
/usr/bin/cmake -E cmake_link_script CMakeFiles/cmTC_01eae.dir/link.txt --verbose=1
/usr/bin/cc  -DCHECK_FUNCTION_EXISTS=pthread_create    -rdynamic CMakeFiles/cmTC_01eae.dir/CheckFunctionExists.c.o  -o cmTC_01eae -lpthreads 
/usr/bin/ld: cannot find -lpthreads
collect2: error: ld returned 1 exit status
CMakeFiles/cmTC_01eae.dir/build.make:97: recipe for target 'cmTC_01eae' failed
make[1]: *** [cmTC_01eae] Error 1
make[1]: Leaving directory '/root/CS4501-Labs/lab2_ws/lab2_p2_ws/build/flightcontroller/CMakeFiles/CMakeTmp'
Makefile:126: recipe for target 'cmTC_01eae/fast' failed
make: *** [cmTC_01eae/fast] Error 2


