Determining if the pthread_create exist failed with the following output:
Change Dir: /root/CS4501-Labs/lab2_ws/lab2_p2_ws/build/simple_control/CMakeFiles/CMakeTmp

Run Build Command:"/usr/bin/make" "cmTC_9251e/fast"
/usr/bin/make -f CMakeFiles/cmTC_9251e.dir/build.make CMakeFiles/cmTC_9251e.dir/build
make[1]: Entering directory '/root/CS4501-Labs/lab2_ws/lab2_p2_ws/build/simple_control/CMakeFiles/CMakeTmp'
Building C object CMakeFiles/cmTC_9251e.dir/CheckSymbolExists.c.o
/usr/bin/cc    -o CMakeFiles/cmTC_9251e.dir/CheckSymbolExists.c.o   -c /root/CS4501-Labs/lab2_ws/lab2_p2_ws/build/simple_control/CMakeFiles/CMakeTmp/CheckSymbolExists.c
Linking C executable cmTC_9251e
/usr/bin/cmake -E cmake_link_script CMakeFiles/cmTC_9251e.dir/link.txt --verbose=1
/usr/bin/cc      -rdynamic CMakeFiles/cmTC_9251e.dir/CheckSymbolExists.c.o  -o cmTC_9251e 
CMakeFiles/cmTC_9251e.dir/CheckSymbolExists.c.o: In function `main':
CheckSymbolExists.c:(.text+0x1b): undefined reference to `pthread_create'
collect2: error: ld returned 1 exit status
CMakeFiles/cmTC_9251e.dir/build.make:97: recipe for target 'cmTC_9251e' failed
make[1]: *** [cmTC_9251e] Error 1
make[1]: Leaving directory '/root/CS4501-Labs/lab2_ws/lab2_p2_ws/build/simple_control/CMakeFiles/CMakeTmp'
Makefile:126: recipe for target 'cmTC_9251e/fast' failed
make: *** [cmTC_9251e/fast] Error 2

File /root/CS4501-Labs/lab2_ws/lab2_p2_ws/build/simple_control/CMakeFiles/CMakeTmp/CheckSymbolExists.c:
/* */
#include <pthread.h>

int main(int argc, char** argv)
{
  (void)argv;
#ifndef pthread_create
  return ((int*)(&pthread_create))[argc];
#else
  (void)argc;
  return 0;
#endif
}

Determining if the function pthread_create exists in the pthreads failed with the following output:
Change Dir: /root/CS4501-Labs/lab2_ws/lab2_p2_ws/build/simple_control/CMakeFiles/CMakeTmp

Run Build Command:"/usr/bin/make" "cmTC_ffbea/fast"
/usr/bin/make -f CMakeFiles/cmTC_ffbea.dir/build.make CMakeFiles/cmTC_ffbea.dir/build
make[1]: Entering directory '/root/CS4501-Labs/lab2_ws/lab2_p2_ws/build/simple_control/CMakeFiles/CMakeTmp'
Building C object CMakeFiles/cmTC_ffbea.dir/CheckFunctionExists.c.o
/usr/bin/cc   -DCHECK_FUNCTION_EXISTS=pthread_create   -o CMakeFiles/cmTC_ffbea.dir/CheckFunctionExists.c.o   -c /usr/share/cmake-3.10/Modules/CheckFunctionExists.c
Linking C executable cmTC_ffbea
/usr/bin/cmake -E cmake_link_script CMakeFiles/cmTC_ffbea.dir/link.txt --verbose=1
/usr/bin/cc  -DCHECK_FUNCTION_EXISTS=pthread_create    -rdynamic CMakeFiles/cmTC_ffbea.dir/CheckFunctionExists.c.o  -o cmTC_ffbea -lpthreads 
/usr/bin/ld: cannot find -lpthreads
collect2: error: ld returned 1 exit status
CMakeFiles/cmTC_ffbea.dir/build.make:97: recipe for target 'cmTC_ffbea' failed
make[1]: *** [cmTC_ffbea] Error 1
make[1]: Leaving directory '/root/CS4501-Labs/lab2_ws/lab2_p2_ws/build/simple_control/CMakeFiles/CMakeTmp'
Makefile:126: recipe for target 'cmTC_ffbea/fast' failed
make: *** [cmTC_ffbea/fast] Error 2


